<?xml version="1.0" encoding="UTF-8"?>
<!-- Generated by org.testng.reporters.JUnitXMLReporter -->
<testsuite ignored="0" hostname="Mifrah" failures="1" tests="1" name="Test1" time="32.088" errors="0" timestamp="2025-01-09T17:17:36 EST">
  <testcase classname="TestCases.TC008_CreateAccountListView" name="verify_AccListView" time="19.086">
    <failure type="org.openqa.selenium.ElementClickInterceptedException" message="element click intercepted: Element &amp;lt;button aria-expanded=&amp;quot;false&amp;quot; aria-haspopup=&amp;quot;true&amp;quot; title=&amp;quot;List View Controls&amp;quot; class=&amp;quot;slds-button slds-button_icon slds-button_icon-more&amp;quot; data-aura-rendered-by=&amp;quot;613:0&amp;quot; aria-describedby=&amp;quot;salesforce-lightning-tooltip-bubble_ae07d90b-37c2-758b-ad8e-ecfe83f6f8ce&amp;quot; data-position-id=&amp;quot;lgcp-1000001&amp;quot;&amp;gt;...&amp;lt;/button&amp;gt; is not clickable at point (1298, 184). Other element would receive the click: &amp;lt;div role=&amp;quot;dialog&amp;quot; aria-labelledby=&amp;quot;title_1245:0&amp;quot; tabindex=&amp;quot;-1&amp;quot; aria-modal=&amp;quot;true&amp;quot; class=&amp;quot;panel slds-modal test-forceListViewSettingsDetail slds-fade-in-open&amp;quot; data-aura-rendered-by=&amp;quot;1262:0&amp;quot; style=&amp;quot;opacity: 1;&amp;quot;&amp;gt;...&amp;lt;/div&amp;gt;
  (Session info: chrome=131.0.6778.205)
Build info: version: &amp;apos;4.27.0&amp;apos;, revision: &amp;apos;d6e718d134&amp;apos;
System info: os.name: &amp;apos;Windows 11&amp;apos;, os.arch: &amp;apos;amd64&amp;apos;, os.version: &amp;apos;10.0&amp;apos;, java.version: &amp;apos;22.0.1&amp;apos;
Driver info: org.openqa.selenium.chrome.ChromeDriver
Command: [c2ea80d1e1cfa34522f635a975013479, clickElement {id=f.424155418C85BD11552843A15AEAFA3D.d.E3C0E55F7E1189E60F7A8E067DA15BE4.e.288}]
Capabilities {acceptInsecureCerts: false, browserName: chrome, browserVersion: 131.0.6778.205, chrome: {chromedriverVersion: 131.0.6778.264 (2d05e315153..., userDataDir: C:\Users\mohsi\AppData\Loca...}, fedcm:accounts: true, goog:chromeOptions: {debuggerAddress: localhost:57104}, networkConnectionEnabled: false, pageLoadStrategy: normal, platformName: windows, proxy: Proxy(), se:cdp: ws://localhost:57104/devtoo..., se:cdpVersion: 131.0.6778.205, setWindowRect: true, strictFileInteractability: false, timeouts: {implicit: 0, pageLoad: 300000, script: 30000}, unhandledPromptBehavior: dismiss and notify, webauthn:extension:credBlob: true, webauthn:extension:largeBlob: true, webauthn:extension:minPinLength: true, webauthn:extension:prf: true, webauthn:virtualAuthenticators: true}
Element: [[ChromeDriver: chrome on windows (c2ea80d1e1cfa34522f635a975013479)] -&amp;gt; xpath: //button[contains(@title,&amp;apos;List View Controls&amp;apos;)]]
Session ID: c2ea80d1e1cfa34522f635a975013479">
      <![CDATA[org.openqa.selenium.ElementClickInterceptedException: element click intercepted: Element <button aria-expanded="false" aria-haspopup="true" title="List View Controls" class="slds-button slds-button_icon slds-button_icon-more" data-aura-rendered-by="613:0" aria-describedby="salesforce-lightning-tooltip-bubble_ae07d90b-37c2-758b-ad8e-ecfe83f6f8ce" data-position-id="lgcp-1000001">...</button> is not clickable at point (1298, 184). Other element would receive the click: <div role="dialog" aria-labelledby="title_1245:0" tabindex="-1" aria-modal="true" class="panel slds-modal test-forceListViewSettingsDetail slds-fade-in-open" data-aura-rendered-by="1262:0" style="opacity: 1;">...</div>
  (Session info: chrome=131.0.6778.205)
Build info: version: '4.27.0', revision: 'd6e718d134'
System info: os.name: 'Windows 11', os.arch: 'amd64', os.version: '10.0', java.version: '22.0.1'
Driver info: org.openqa.selenium.chrome.ChromeDriver
Command: [c2ea80d1e1cfa34522f635a975013479, clickElement {id=f.424155418C85BD11552843A15AEAFA3D.d.E3C0E55F7E1189E60F7A8E067DA15BE4.e.288}]
Capabilities {acceptInsecureCerts: false, browserName: chrome, browserVersion: 131.0.6778.205, chrome: {chromedriverVersion: 131.0.6778.264 (2d05e315153..., userDataDir: C:\Users\mohsi\AppData\Loca...}, fedcm:accounts: true, goog:chromeOptions: {debuggerAddress: localhost:57104}, networkConnectionEnabled: false, pageLoadStrategy: normal, platformName: windows, proxy: Proxy(), se:cdp: ws://localhost:57104/devtoo..., se:cdpVersion: 131.0.6778.205, setWindowRect: true, strictFileInteractability: false, timeouts: {implicit: 0, pageLoad: 300000, script: 30000}, unhandledPromptBehavior: dismiss and notify, webauthn:extension:credBlob: true, webauthn:extension:largeBlob: true, webauthn:extension:minPinLength: true, webauthn:extension:prf: true, webauthn:virtualAuthenticators: true}
Element: [[ChromeDriver: chrome on windows (c2ea80d1e1cfa34522f635a975013479)] -> xpath: //button[contains(@title,'List View Controls')]]
Session ID: c2ea80d1e1cfa34522f635a975013479
at org.openqa.selenium.remote.ErrorCodec.decode(ErrorCodec.java:167)
at org.openqa.selenium.remote.codec.w3c.W3CHttpResponseCodec.decode(W3CHttpResponseCodec.java:138)
at org.openqa.selenium.remote.codec.w3c.W3CHttpResponseCodec.decode(W3CHttpResponseCodec.java:50)
at org.openqa.selenium.remote.HttpCommandExecutor.execute(HttpCommandExecutor.java:190)
at org.openqa.selenium.remote.service.DriverCommandExecutor.invokeExecute(DriverCommandExecutor.java:216)
at org.openqa.selenium.remote.service.DriverCommandExecutor.execute(DriverCommandExecutor.java:174)
at org.openqa.selenium.remote.RemoteWebDriver.execute(RemoteWebDriver.java:545)
at org.openqa.selenium.remote.RemoteWebElement.execute(RemoteWebElement.java:223)
at org.openqa.selenium.remote.RemoteWebElement.click(RemoteWebElement.java:76)
at org.openqa.selenium.support.pagefactory.internal.LocatingElementHandler.invoke(LocatingElementHandler.java:51)
at jdk.proxy2/jdk.proxy2.$Proxy27.click(Unknown Source)
at PageObjects.AccountRelatedPage.click_ListViewDropDown(AccountRelatedPage.java:105)
at TestCases.TC008_CreateAccountListView.verify_AccListView(TC008_CreateAccountListView.java:37)
at java.base/java.util.ArrayList.forEach(ArrayList.java:1597)
... Removed 34 stack frames]]>
    </failure>
  </testcase> <!-- verify_AccListView -->
</testsuite> <!-- Test1 -->
