<?xml version="1.0" encoding="UTF-8"?>
<testng-results ignored="0" total="1" passed="1" failed="0" skipped="0">
  <reporter-output>
  </reporter-output>
  <suite started-at="2024-12-17T11:44:26 EST" name="Suite1" finished-at="2024-12-17T11:45:22 EST" duration-ms="55849">
    <groups>
    </groups>
    <test started-at="2024-12-17T11:44:26 EST" name="Test1" finished-at="2024-12-17T11:45:22 EST" duration-ms="55849">
      <class name="TestCases.TC001_Login">
        <test-method is-config="true" signature="setup(java.lang.String,java.lang.String)[pri:0, instance:TestCases.TC001_Login@45905bff]" started-at="2024-12-17T11:44:26 EST" name="setup" finished-at="2024-12-17T11:44:52 EST" duration-ms="26144" status="PASS">
          <params>
            <param index="0">
              <value>
                <![CDATA[Windows]]>
              </value>
            </param>
            <param index="1">
              <value>
                <![CDATA[chrome]]>
              </value>
            </param>
          </params>
          <reporter-output>
          </reporter-output>
        </test-method> <!-- setup -->
        <test-method signature="verify_login()[pri:0, instance:TestCases.TC001_Login@45905bff]" started-at="2024-12-17T11:44:52 EST" name="verify_login" finished-at="2024-12-17T11:45:21 EST" duration-ms="28928" status="PASS">
          <reporter-output>
          </reporter-output>
        </test-method> <!-- verify_login -->
        <test-method is-config="true" signature="tearDown()[pri:0, instance:TestCases.TC001_Login@45905bff]" started-at="2024-12-17T11:45:21 EST" name="tearDown" finished-at="2024-12-17T11:45:22 EST" duration-ms="498" status="PASS">
          <reporter-output>
          </reporter-output>
        </test-method> <!-- tearDown -->
      </class> <!-- TestCases.TC001_Login -->
    </test> <!-- Test1 -->
  </suite> <!-- Suite1 -->
</testng-results>
