<?xml version="1.0" encoding="UTF-8"?>
<testng-results ignored="0" total="1" passed="1" failed="0" skipped="0">
  <reporter-output>
  </reporter-output>
  <suite started-at="2025-01-09T17:30:02 EST" name="Suite1" finished-at="2025-01-09T17:30:35 EST" duration-ms="33688">
    <groups>
    </groups>
    <test started-at="2025-01-09T17:30:02 EST" name="Test1" finished-at="2025-01-09T17:30:35 EST" duration-ms="33688">
      <class name="TestCases.TC008_CreateAccountListView">
        <test-method is-config="true" signature="setup(java.lang.String,java.lang.String)[pri:0, instance:TestCases.TC008_CreateAccountListView@41925502]" started-at="2025-01-09T17:30:02 EST" name="setup" finished-at="2025-01-09T17:30:06 EST" duration-ms="3567" status="PASS">
          <params>
            <param index="0">
              <value>
                <![CDATA[Windows]]>
              </value>
            </param>
            <param index="1">
              <value>
                <![CDATA[chrome]]>
              </value>
            </param>
          </params>
          <reporter-output>
          </reporter-output>
        </test-method> <!-- setup -->
        <test-method signature="verify_AccListView()[pri:0, instance:TestCases.TC008_CreateAccountListView@41925502]" started-at="2025-01-09T17:30:06 EST" name="verify_AccListView" finished-at="2025-01-09T17:30:35 EST" duration-ms="29245" status="PASS">
          <reporter-output>
          </reporter-output>
        </test-method> <!-- verify_AccListView -->
        <test-method is-config="true" signature="tearDown()[pri:0, instance:TestCases.TC008_CreateAccountListView@41925502]" started-at="2025-01-09T17:30:35 EST" name="tearDown" finished-at="2025-01-09T17:30:35 EST" duration-ms="570" status="PASS">
          <reporter-output>
          </reporter-output>
        </test-method> <!-- tearDown -->
      </class> <!-- TestCases.TC008_CreateAccountListView -->
    </test> <!-- Test1 -->
  </suite> <!-- Suite1 -->
</testng-results>
